0 info it worked if it ends with ok
1 verbose cli [ '/usr/bin/node', '/usr/bin/npm', 'install', '-g', 'ionic' ]
2 info using npm@1.4.28
3 info using node@v0.10.37
4 verbose node symlink /usr/bin/node
5 verbose cache add [ 'ionic', null ]
6 verbose cache add name=undefined spec="ionic" args=["ionic",null]
7 verbose parsed url { protocol: null,
7 verbose parsed url   slashes: null,
7 verbose parsed url   auth: null,
7 verbose parsed url   host: null,
7 verbose parsed url   port: null,
7 verbose parsed url   hostname: null,
7 verbose parsed url   hash: null,
7 verbose parsed url   search: null,
7 verbose parsed url   query: null,
7 verbose parsed url   pathname: 'ionic',
7 verbose parsed url   path: 'ionic',
7 verbose parsed url   href: 'ionic' }
8 silly lockFile 00d10074-ionic ionic
9 verbose lock ionic /home/lindajess/.npm/00d10074-ionic.lock
10 silly lockFile 00d10074-ionic ionic
11 silly lockFile 00d10074-ionic ionic
12 verbose addNamed [ 'ionic', '' ]
13 verbose addNamed [ null, '*' ]
14 silly lockFile 966fc04a-ionic ionic@
15 verbose lock ionic@ /home/lindajess/.npm/966fc04a-ionic.lock
16 silly addNameRange { name: 'ionic', range: '*', hasData: false }
17 verbose request where is /ionic
18 verbose request registry https://registry.npmjs.org/
19 verbose request id f3b56417a067ec11
20 verbose url raw /ionic
21 verbose url resolving [ 'https://registry.npmjs.org/', './ionic' ]
22 verbose url resolved https://registry.npmjs.org/ionic
23 verbose request where is https://registry.npmjs.org/ionic
24 info trying registry request attempt 1 at 10:54:59
25 verbose etag "AFVJRIS6MNWN6G7SEDJ0FEMAR"
26 http GET https://registry.npmjs.org/ionic
27 http 304 https://registry.npmjs.org/ionic
28 silly registry.get cb [ 304,
28 silly registry.get   { date: 'Sat, 15 Oct 2016 15:54:59 GMT',
28 silly registry.get     via: '1.1 varnish',
28 silly registry.get     'cache-control': 'max-age=300',
28 silly registry.get     etag: '"AFVJRIS6MNWN6G7SEDJ0FEMAR"',
28 silly registry.get     age: '208',
28 silly registry.get     connection: 'keep-alive',
28 silly registry.get     'x-served-by': 'cache-gru7124-GRU',
28 silly registry.get     'x-cache': 'HIT',
28 silly registry.get     'x-cache-hits': '1',
28 silly registry.get     'x-timer': 'S1476546899.968203,VS0,VE0',
28 silly registry.get     vary: 'Accept-Encoding' } ]
29 verbose etag https://registry.npmjs.org/ionic from cache
30 silly addNameRange number 2 { name: 'ionic', range: '*', hasData: true }
31 silly addNameRange versions [ 'ionic',
31 silly addNameRange   [ '0.9.6',
31 silly addNameRange     '0.9.8',
31 silly addNameRange     '0.9.9',
31 silly addNameRange     '0.9.10',
31 silly addNameRange     '0.9.11',
31 silly addNameRange     '0.9.12',
31 silly addNameRange     '0.9.13',
31 silly addNameRange     '0.9.14',
31 silly addNameRange     '0.9.15',
31 silly addNameRange     '0.9.16',
31 silly addNameRange     '1.0.0-beta.1',
31 silly addNameRange     '1.0.0-beta',
31 silly addNameRange     '1.0.1-beta',
31 silly addNameRange     '1.0.3-beta',
31 silly addNameRange     '1.0.4',
31 silly addNameRange     '1.0.5',
31 silly addNameRange     '1.0.6',
31 silly addNameRange     '1.0.7',
31 silly addNameRange     '1.0.8',
31 silly addNameRange     '1.0.9',
31 silly addNameRange     '1.0.10',
31 silly addNameRange     '1.0.11',
31 silly addNameRange     '1.0.12',
31 silly addNameRange     '1.0.13',
31 silly addNameRange     '1.0.14',
31 silly addNameRange     '1.0.15',
31 silly addNameRange     '1.0.16',
31 silly addNameRange     '1.0.17',
31 silly addNameRange     '1.1.0-beta1',
31 silly addNameRange     '1.1.0-beta2',
31 silly addNameRange     '1.1.0-beta3',
31 silly addNameRange     '1.1.0-beta4',
31 silly addNameRange     '1.1.0-beta5',
31 silly addNameRange     '1.1.0-beta6',
31 silly addNameRange     '1.1.0',
31 silly addNameRange     '1.1.1-beta1',
31 silly addNameRange     '1.1.1-beta2',
31 silly addNameRange     '1.1.1-beta3',
31 silly addNameRange     '1.1.1',
31 silly addNameRange     '1.1.3',
31 silly addNameRange     '1.1.4',
31 silly addNameRange     '1.1.5-beta1',
31 silly addNameRange     '1.1.5-beta2',
31 silly addNameRange     '1.1.5-beta3',
31 silly addNameRange     '1.1.5-beta4',
31 silly addNameRange     '1.1.5-beta5',
31 silly addNameRange     '1.1.5',
31 silly addNameRange     '1.1.6',
31 silly addNameRange     '1.1.7-beta1',
31 silly addNameRange     '1.1.7',
31 silly addNameRange     '1.1.8-beta1',
31 silly addNameRange     '1.1.8-beta2',
31 silly addNameRange     '1.1.8-beta3',
31 silly addNameRange     '1.1.8-beta4',
31 silly addNameRange     '1.1.8-beta5',
31 silly addNameRange     '1.1.8',
31 silly addNameRange     '1.1.9-beta1',
31 silly addNameRange     '1.1.9',
31 silly addNameRange     '1.1.10',
31 silly addNameRange     '1.1.11-beta1',
31 silly addNameRange     '1.1.11-beta2',
31 silly addNameRange     '1.1.11',
31 silly addNameRange     '1.1.12-beta1',
31 silly addNameRange     '1.1.12-beta2',
31 silly addNameRange     '1.1.12-beta3',
31 silly addNameRange     '1.1.12',
31 silly addNameRange     '1.1.13',
31 silly addNameRange     '1.1.14-beta1',
31 silly addNameRange     '1.1.14-beta2',
31 silly addNameRange     '1.1.14-beta3',
31 silly addNameRange     '1.2.0-beta1',
31 silly addNameRange     '1.2.0',
31 silly addNameRange     '1.2.1-beta1',
31 silly addNameRange     '1.2.1-beta2',
31 silly addNameRange     '1.2.1-beta3',
31 silly addNameRange     '1.2.1-beta4',
31 silly addNameRange     '1.2.1',
31 silly addNameRange     '1.2.2',
31 silly addNameRange     '1.2.3-beta1',
31 silly addNameRange     '1.2.3-beta2',
31 silly addNameRange     '1.2.3-beta3',
31 silly addNameRange     '1.2.3',
31 silly addNameRange     '1.2.4-beta1',
31 silly addNameRange     '1.2.4-beta2',
31 silly addNameRange     '1.2.4-beta3',
31 silly addNameRange     '1.2.4',
31 silly addNameRange     '1.2.5-beta1',
31 silly addNameRange     '1.2.5-beta2',
31 silly addNameRange     '1.2.5-beta3',
31 silly addNameRange     '1.2.5',
31 silly addNameRange     '1.2.6-beta1',
31 silly addNameRange     '1.2.6-beta2',
31 silly addNameRange     '1.2.6-beta3',
31 silly addNameRange     '1.2.6',
31 silly addNameRange     '1.2.7',
31 silly addNameRange     '1.2.8-beta1',
31 silly addNameRange     '1.2.8-beta2',
31 silly addNameRange     '1.2.8',
31 silly addNameRange     '1.2.9',
31 silly addNameRange     '1.2.10',
31 silly addNameRange     '1.2.11',
31 silly addNameRange     '1.2.12',
31 silly addNameRange     '1.2.13',
31 silly addNameRange     '1.2.14-beta1',
31 silly addNameRange     '1.2.14-beta2',
31 silly addNameRange     '1.2.14-beta3',
31 silly addNameRange     '1.2.14-beta4',
31 silly addNameRange     '1.2.14-beta5',
31 silly addNameRange     '1.2.14-beta6',
31 silly addNameRange     '1.2.14',
31 silly addNameRange     '1.3.0-beta1',
31 silly addNameRange     '1.3.0',
31 silly addNameRange     '1.3.1',
31 silly addNameRange     '1.3.2',
31 silly addNameRange     '1.3.3',
31 silly addNameRange     '1.3.4',
31 silly addNameRange     '1.3.5',
31 silly addNameRange     '1.3.6',
31 silly addNameRange     '1.3.7',
31 silly addNameRange     '1.3.8',
31 silly addNameRange     '1.3.9',
31 silly addNameRange     '1.3.10',
31 silly addNameRange     '1.4.0-alpha.1',
31 silly addNameRange     '1.3.11',
31 silly addNameRange     '1.3.1-1.alpha.0',
31 silly addNameRange     '1.4.0-alpha.2',
31 silly addNameRange     '1.3.12',
31 silly addNameRange     '1.3.12-beta.1',
31 silly addNameRange     '1.3.12-beta.2',
31 silly addNameRange     '1.3.13-beta.0',
31 silly addNameRange     '1.3.1-3.beta.1',
31 silly addNameRange     '1.3.1-3.beta.2',
31 silly addNameRange     '1.3.13',
31 silly addNameRange     '1.3.1-3.beta.4',
31 silly addNameRange     '1.3.14-beta',
31 silly addNameRange     '1.3.14-beta.1',
31 silly addNameRange     '1.4.0-alpha.3',
31 silly addNameRange     '1.3.14',
31 silly addNameRange     '1.4.0-alpha.4',
31 silly addNameRange     '1.4.0-alpha.5',
31 silly addNameRange     '1.3.15-beta.0',
31 silly addNameRange     '1.3.15-beta.1',
31 silly addNameRange     '1.3.15-beta.2',
31 silly addNameRange     '1.3.15-beta.3',
31 silly addNameRange     '1.3.15-beta.4',
31 silly addNameRange     '1.3.15',
31 silly addNameRange     '1.3.16',
31 silly addNameRange     '1.4.0-alpha.6',
31 silly addNameRange     '1.3.17-beta.0',
31 silly addNameRange     '1.3.17-beta.1',
31 silly addNameRange     '1.3.17-beta.2',
31 silly addNameRange     '1.3.17-beta.3',
31 silly addNameRange     '1.3.1-7.beta.4',
31 silly addNameRange     '1.3.17',
31 silly addNameRange     '1.3.18-beta.0',
31 silly addNameRange     '1.3.18-beta.1',
31 silly addNameRange     '1.3.18-beta.2',
31 silly addNameRange     '1.3.18-beta.3',
31 silly addNameRange     '1.3.18',
31 silly addNameRange     '1.3.19-beta.0',
31 silly addNameRange     '1.3.19-beta.1',
31 silly addNameRange     '1.3.19-beta.2',
31 silly addNameRange     '1.3.19-beta.3',
31 silly addNameRange     '1.3.19-beta.4',
31 silly addNameRange     '1.3.19',
31 silly addNameRange     '1.3.20',
31 silly addNameRange     '1.4.1-beta.0',
31 silly addNameRange     '1.4.0-beta.1',
31 silly addNameRange     '1.4.0-beta.2',
31 silly addNameRange     '1.4.0-beta.3',
31 silly addNameRange     '1.4.0-beta.5',
31 silly addNameRange     '1.4.0-beta.6',
31 silly addNameRange     '1.4.0-beta.7',
31 silly addNameRange     '1.3.21-beta.0',
31 silly addNameRange     '1.3.21-beta.1',
31 silly addNameRange     '1.3.21',
31 silly addNameRange     '1.3.22',
31 silly addNameRange     '1.4.0-beta.8',
31 silly addNameRange     '1.4.0-beta.9',
31 silly addNameRange     '1.4.0-beta.10',
31 silly addNameRange     '1.4.0-beta.11',
31 silly addNameRange     '1.4.0-beta.12',
31 silly addNameRange     '1.4.0-beta.13',
31 silly addNameRange     '1.4.0-beta.14',
31 silly addNameRange     '1.4.0-beta.15',
31 silly addNameRange     '1.4.0-beta.16',
31 silly addNameRange     '1.4.0-beta.17',
31 silly addNameRange     '1.4.0-beta.18',
31 silly addNameRange     '1.4.0',
31 silly addNameRange     '1.4.1',
31 silly addNameRange     '1.4.2',
31 silly addNameRange     '1.4.3',
31 silly addNameRange     '1.4.4-beta.0',
31 silly addNameRange     '1.4.4-beta.2',
31 silly addNameRange     '1.4.4',
31 silly addNameRange     '1.4.5-beta.0',
31 silly addNameRange     '1.4.5-beta.1',
31 silly addNameRange     '1.4.5-beta.2',
31 silly addNameRange     '1.4.5-beta.3',
31 silly addNameRange     '1.4.5',
31 silly addNameRange     '1.4.6-beta.0',
31 silly addNameRange     '1.4.6',
31 silly addNameRange     '1.4.7',
31 silly addNameRange     '1.4.8',
31 silly addNameRange     '1.5.0-beta.0',
31 silly addNameRange     '1.5.0-beta.1',
31 silly addNameRange     '1.5.0',
31 silly addNameRange     '1.5.1-beta.0',
31 silly addNameRange     '1.5.1-beta.1',
31 silly addNameRange     '1.5.1-beta.2',
31 silly addNameRange     '1.5.1-beta.3',
31 silly addNameRange     '1.5.1-beta.4',
31 silly addNameRange     '1.5.1',
31 silly addNameRange     '1.5.2',
31 silly addNameRange     '1.5.3',
31 silly addNameRange     '1.5.4',
31 silly addNameRange     '1.5.5',
31 silly addNameRange     '1.6.0-beta.1',
31 silly addNameRange     '1.6.0',
31 silly addNameRange     '1.6.1',
31 silly addNameRange     '1.6.2-beta.0',
31 silly addNameRange     '1.6.2-beta.1',
31 silly addNameRange     '1.6.2-beta.2',
31 silly addNameRange     '1.6.2',
31 silly addNameRange     '1.6.3-beta.0',
31 silly addNameRange     '1.6.3-beta.1',
31 silly addNameRange     '1.6.3',
31 silly addNameRange     '1.6.4-beta.0',
31 silly addNameRange     '1.6.4-beta.1',
31 silly addNameRange     '1.6.4',
31 silly addNameRange     '1.7.0-beta.0',
31 silly addNameRange     '1.7.0-beta.1',
31 silly addNameRange     '1.7.0-beta.2',
31 silly addNameRange     '1.7.0-beta.3',
31 silly addNameRange     '2.0.0-alpha.1',
31 silly addNameRange     '2.0.0-alpha.3',
31 silly addNameRange     '1.7.0-beta.4',
31 silly addNameRange     '1.6.5-testing.0',
31 silly addNameRange     '1.6.5-testing.1',
31 silly addNameRange     '1.6.5-testing.2',
31 silly addNameRange     '1.6.5-testing.3',
31 silly addNameRange     '1.6.5',
31 silly addNameRange     '2.0.0-alpha.4',
31 silly addNameRange     '1.7.0-beta.5',
31 silly addNameRange     '1.7.0-beta.6',
31 silly addNameRange     '1.7.0',
31 silly addNameRange     '2.0.0-alpha.5',
31 silly addNameRange     '2.0.0-alpha.6',
31 silly addNameRange     '1.7.1',
31 silly addNameRange     '2.0.0-alpha.7',
31 silly addNameRange     '2.0.0-alpha.8',
31 silly addNameRange     '1.7.2',
31 silly addNameRange     '1.7.3',
31 silly addNameRange     '1.7.4',
31 silly addNameRange     '1.7.5',
31 silly addNameRange     '1.7.6',
31 silly addNameRange     '1.7.7-beta.0',
31 silly addNameRange     '2.0.0-alpha.9',
31 silly addNameRange     '1.7.7',
31 silly addNameRange     '2.0.0-alpha.10',
31 silly addNameRange     '2.0.0-alpha.11',
31 silly addNameRange     '2.0.0-alpha.12',
31 silly addNameRange     '2.0.0-alpha.13',
31 silly addNameRange     '2.0.0-alpha.14',
31 silly addNameRange     '2.0.0-alpha.15',
31 silly addNameRange     '2.0.0-alpha.16',
31 silly addNameRange     '2.0.0-alpha.17',
31 silly addNameRange     '2.0.0-alpha.18',
31 silly addNameRange     '1.7.8-beta.0',
31 silly addNameRange     '1.7.8-beta.1',
31 silly addNameRange     '1.7.8-beta.2',
31 silly addNameRange     '1.7.8-beta.3',
31 silly addNameRange     '1.7.8',
31 silly addNameRange     '2.0.0-alpha.19',
31 silly addNameRange     '2.0.0-alpha.20',
31 silly addNameRange     '2.0.0-alpha.21',
31 silly addNameRange     '2.0.0-alpha.22',
31 silly addNameRange     '2.0.0-alpha.23',
31 silly addNameRange     '1.7.9',
31 silly addNameRange     '1.7.10',
31 silly addNameRange     '2.0.0-alpha.24',
31 silly addNameRange     '2.0.0-alpha.25',
31 silly addNameRange     '2.0.0-beta.1',
31 silly addNameRange     '1.7.11',
31 silly addNameRange     '2.0.0-beta.2',
31 silly addNameRange     '2.0.0-beta.3',
31 silly addNameRange     '2.0.0-beta.4',
31 silly addNameRange     '2.0.0-beta.5',
31 silly addNameRange     '2.0.0-beta.6',
31 silly addNameRange     '2.0.0-beta.7',
31 silly addNameRange     '2.0.0-beta.8',
31 silly addNameRange     '2.0.0-beta.9',
31 silly addNameRange     '2.0.0-beta.10',
31 silly addNameRange     '2.0.0-beta.11',
31 silly addNameRange     '1.7.12',
31 silly addNameRange     '2.0.0-beta.12',
31 silly addNameRange     '2.0.0-beta.13',
31 silly addNameRange     '2.0.0-beta.14',
31 silly addNameRange     '2.0.0-beta.15',
31 silly addNameRange     '2.0.0-beta.16',
31 silly addNameRange     '2.0.0-beta.17',
31 silly addNameRange     '1.7.13',
31 silly addNameRange     '1.7.14',
31 silly addNameRange     '2.0.0-beta.18',
31 silly addNameRange     '2.0.0-beta.19',
31 silly addNameRange     '2.0.0-beta.20',
31 silly addNameRange     '2.0.0-beta.21',
31 silly addNameRange     '2.0.0-beta.22',
31 silly addNameRange     '2.0.0-beta.23',
31 silly addNameRange     '2.0.0-beta.24',
31 silly addNameRange     '2.0.0-beta.25',
31 silly addNameRange     '1.7.15-beta.0',
31 silly addNameRange     '1.7.15-beta.1',
31 silly addNameRange     '1.7.15-beta.2',
31 silly addNameRange     '1.7.15-beta.3',
31 silly addNameRange     '1.7.15',
31 silly addNameRange     '2.0.0-beta.26',
31 silly addNameRange     '2.0.0-beta.27',
31 silly addNameRange     '2.0.0-beta.28',
31 silly addNameRange     '2.0.0-beta.29',
31 silly addNameRange     '2.0.0-beta.30',
31 silly addNameRange     '2.0.0-beta.31',
31 silly addNameRange     '1.7.16',
31 silly addNameRange     '2.0.0-beta.32',
31 silly addNameRange     '2.0.0-beta.33',
31 silly addNameRange     '2.0.0-beta.34',
31 silly addNameRange     '2.0.0-beta.35',
31 silly addNameRange     '2.0.0-beta.36',
31 silly addNameRange     '2.0.0-beta.37',
31 silly addNameRange     '2.0.0',
31 silly addNameRange     '2.1.0-beta.0',
31 silly addNameRange     '2.1.0-beta.1',
31 silly addNameRange     '2.1.0-beta.2',
31 silly addNameRange     '2.1.0-beta.3',
31 silly addNameRange     '2.1.0',
31 silly addNameRange     '2.1.1' ] ]
32 verbose addNamed [ 'ionic', '2.1.1' ]
33 verbose addNamed [ '2.1.1', '2.1.1' ]
34 silly lockFile bd3268f4-ionic-2-1-1 ionic@2.1.1
35 verbose lock ionic@2.1.1 /home/lindajess/.npm/bd3268f4-ionic-2-1-1.lock
36 silly lockFile bd3268f4-ionic-2-1-1 ionic@2.1.1
37 silly lockFile bd3268f4-ionic-2-1-1 ionic@2.1.1
38 silly lockFile 966fc04a-ionic ionic@
39 silly lockFile 966fc04a-ionic ionic@
40 silly resolved [ { name: 'ionic',
40 silly resolved     version: '2.1.1',
40 silly resolved     preferGlobal: true,
40 silly resolved     description: 'A tool for creating and developing Ionic Framework mobile apps.',
40 silly resolved     homepage: 'http://ionicframework.com/',
40 silly resolved     bin: { ionic: 'bin/ionic' },
40 silly resolved     scripts:
40 silly resolved      { changelog: 'conventional-changelog -i CHANGELOG.md -s -p angular',
40 silly resolved        'gh-release': 'node scripts/release',
40 silly resolved        coveralls: 'istanbul cover node_modules/jasmine-node/bin/jasmine-node --captureExceptions spec/ && cat coverage/lcov.info | node_modules/coveralls/bin/coveralls.js && rm -rf coverage',
40 silly resolved        e2e: 'jasmine-node --captureExceptions ./e2e',
40 silly resolved        jasmine: 'jasmine-node --captureExceptions  ./spec',
40 silly resolved        lint: 'eslint .',
40 silly resolved        test: 'istanbul cover node_modules/jasmine-node/bin/jasmine-node --captureExceptions spec/' },
40 silly resolved     keywords:
40 silly resolved      [ 'ionic',
40 silly resolved        'ionic framework',
40 silly resolved        'ionicframework',
40 silly resolved        'mobile',
40 silly resolved        'app',
40 silly resolved        'hybrid',
40 silly resolved        'cordova',
40 silly resolved        'native',
40 silly resolved        'phonegap' ],
40 silly resolved     repository:
40 silly resolved      { type: 'git',
40 silly resolved        url: 'git+https://github.com/driftyco/ionic-cli.git' },
40 silly resolved     contributors: [ [Object], [Object], [Object], [Object], [Object], [Object] ],
40 silly resolved     license: 'MIT',
40 silly resolved     dependencies:
40 silly resolved      { '@ionic/app-generators': '0.0.3',
40 silly resolved        'cli-table': '0.3.1',
40 silly resolved        colors: '0.6.2',
40 silly resolved        'cross-spawn-async': '2.1.9',
40 silly resolved        'expand-tilde': '1.2.0',
40 silly resolved        'form-data': '0.1.4',
40 silly resolved        gulp: '3.8.8',
40 silly resolved        'gulp-util': '3.0.7',
40 silly resolved        inquirer: '0.11.2',
40 silly resolved        'ionic-app-lib': '2.1.1',
40 silly resolved        moment: '2.11.1',
40 silly resolved        open: '0.0.5',
40 silly resolved        optimist: '0.6.0',
40 silly resolved        'pretty-hrtime': '1.0.2',
40 silly resolved        progress: '1.1.7',
40 silly resolved        prompt: '0.2.12',
40 silly resolved        q: '1.0.1',
40 silly resolved        request: '2.51.0',
40 silly resolved        semver: '4.3.6',
40 silly resolved        'serve-static': '1.7.1',
40 silly resolved        shelljs: '0.2.6',
40 silly resolved        underscore: '1.7.0',
40 silly resolved        unzip: '0.1.9' },
40 silly resolved     devDependencies:
40 silly resolved      { 'conventional-changelog-cli': '1.1.1',
40 silly resolved        coveralls: '^2.2.0',
40 silly resolved        eslint: '^3.0.1',
40 silly resolved        github: '0.2.4',
40 silly resolved        istanbul: '^0.4.4',
40 silly resolved        'jasmine-node': '1.14.5',
40 silly resolved        'mock-require': '1.3.0',
40 silly resolved        rewire: '2.5.1' },
40 silly resolved     gitHead: 'b8e9023022eab85b06e317e6f04a3bd26a7071c9',
40 silly resolved     bugs: { url: 'https://github.com/driftyco/ionic-cli/issues' },
40 silly resolved     bundleDependencies:
40 silly resolved      [ 'cli-table',
40 silly resolved        'colors',
40 silly resolved        'cross-spawn-async',
40 silly resolved        'expand-tilde',
40 silly resolved        'form-data',
40 silly resolved        'gulp',
40 silly resolved        'gulp-util',
40 silly resolved        'inquirer',
40 silly resolved        'ionic-app-lib',
40 silly resolved        'moment',
40 silly resolved        'open',
40 silly resolved        'optimist',
40 silly resolved        'pretty-hrtime',
40 silly resolved        'progress',
40 silly resolved        'prompt',
40 silly resolved        'q',
40 silly resolved        'request',
40 silly resolved        'semver',
40 silly resolved        'serve-static',
40 silly resolved        'shelljs',
40 silly resolved        'underscore',
40 silly resolved        'unzip' ],
40 silly resolved     _id: 'ionic@2.1.1',
40 silly resolved     _shasum: '7345b56915da2100a0efcd5257a4626848c4da80',
40 silly resolved     _from: 'ionic@',
40 silly resolved     _npmVersion: '2.15.8',
40 silly resolved     _nodeVersion: '4.4.7',
40 silly resolved     _npmUser: { name: 'jthoms1', email: 'jthoms1@gmail.com' },
40 silly resolved     dist:
40 silly resolved      { shasum: '7345b56915da2100a0efcd5257a4626848c4da80',
40 silly resolved        tarball: 'https://registry.npmjs.org/ionic/-/ionic-2.1.1.tgz' },
40 silly resolved     maintainers:
40 silly resolved      [ [Object],
40 silly resolved        [Object],
40 silly resolved        [Object],
40 silly resolved        [Object],
40 silly resolved        [Object],
40 silly resolved        [Object],
40 silly resolved        [Object] ],
40 silly resolved     _npmOperationalInternal:
40 silly resolved      { host: 'packages-12-west.internal.npmjs.com',
40 silly resolved        tmp: 'tmp/ionic-2.1.1.tgz_1476476120022_0.04969399026595056' },
40 silly resolved     directories: {},
40 silly resolved     _resolved: 'https://registry.npmjs.org/ionic/-/ionic-2.1.1.tgz',
40 silly resolved     readme: 'ERROR: No README data found!' } ]
41 info install ionic@2.1.1 into /usr/lib
42 info installOne ionic@2.1.1
43 verbose lib/node_modules/ionic unbuild
44 verbose tar unpack /home/lindajess/.npm/ionic/2.1.1/package.tgz
45 silly lockFile 02ac979d-tar-usr-lib-node-modules-ionic tar:///usr/lib/node_modules/ionic
46 verbose lock tar:///usr/lib/node_modules/ionic /home/lindajess/.npm/02ac979d-tar-usr-lib-node-modules-ionic.lock
47 silly lockFile 942ca826-jess-npm-ionic-2-1-1-package-tgz tar:///home/lindajess/.npm/ionic/2.1.1/package.tgz
48 verbose lock tar:///home/lindajess/.npm/ionic/2.1.1/package.tgz /home/lindajess/.npm/942ca826-jess-npm-ionic-2-1-1-package-tgz.lock
49 silly gunzTarPerm modes [ '775', '664' ]
50 error Error: EACCES, mkdir '/usr/lib/node_modules/ionic'
50 error  { [Error: EACCES, mkdir '/usr/lib/node_modules/ionic']
50 error   errno: 3,
50 error   code: 'EACCES',
50 error   path: '/usr/lib/node_modules/ionic',
50 error   fstream_type: 'Directory',
50 error   fstream_path: '/usr/lib/node_modules/ionic',
50 error   fstream_class: 'DirWriter',
50 error   fstream_stack:
50 error    [ '/usr/lib/node_modules/npm/node_modules/fstream/lib/dir-writer.js:36:23',
50 error      '/usr/lib/node_modules/npm/node_modules/mkdirp/index.js:46:53',
50 error      'Object.oncomplete (fs.js:108:15)' ] }
51 error Please try running this command again as root/Administrator.
52 error System Linux 3.13.0-98-generic
53 error command "/usr/bin/node" "/usr/bin/npm" "install" "-g" "ionic"
54 error cwd /home/lindajess/Documents/Angular_Project/Project_Login/IONIC-Framework
55 error node -v v0.10.37
56 error npm -v 1.4.28
57 error path /usr/lib/node_modules/ionic
58 error fstream_path /usr/lib/node_modules/ionic
59 error fstream_type Directory
60 error fstream_class DirWriter
61 error code EACCES
62 error errno 3
63 error stack Error: EACCES, mkdir '/usr/lib/node_modules/ionic'
64 error fstream_stack /usr/lib/node_modules/npm/node_modules/fstream/lib/dir-writer.js:36:23
64 error fstream_stack /usr/lib/node_modules/npm/node_modules/mkdirp/index.js:46:53
64 error fstream_stack Object.oncomplete (fs.js:108:15)
65 verbose exit [ 3, true ]
